[0.012s] Invoking command in '/home/student/Desktop/ros_package/build/prp_project': CMAKE_PREFIX_PATH=${CMAKE_PREFIX_PATH}:/opt/ros/humble /usr/bin/cmake --build /home/student/Desktop/ros_package/build/prp_project -- -j4 -l4
[0.037s] -- Found ament_cmake: 1.3.12 (/opt/ros/humble/share/ament_cmake/cmake)
[0.158s] -- Found rclcpp: 16.0.17 (/opt/ros/humble/share/rclcpp/cmake)
[0.189s] -- Found rosidl_generator_c: 3.1.8 (/opt/ros/humble/share/rosidl_generator_c/cmake)
[0.193s] -- Found rosidl_adapter: 3.1.8 (/opt/ros/humble/share/rosidl_adapter/cmake)
[0.202s] -- Found rosidl_generator_cpp: 3.1.8 (/opt/ros/humble/share/rosidl_generator_cpp/cmake)
[0.220s] -- Using all available rosidl_typesupport_c: rosidl_typesupport_fastrtps_c;rosidl_typesupport_introspection_c
[0.250s] -- Using all available rosidl_typesupport_cpp: rosidl_typesupport_fastrtps_cpp;rosidl_typesupport_introspection_cpp
[0.330s] -- Found rmw_implementation_cmake: 6.1.2 (/opt/ros/humble/share/rmw_implementation_cmake/cmake)
[0.333s] -- Found rmw_fastrtps_cpp: 6.2.9 (/opt/ros/humble/share/rmw_fastrtps_cpp/cmake)
[0.659s] -- Using RMW implementation 'rmw_fastrtps_cpp' as default
[0.877s] -- Found sensor_msgs: 4.9.0 (/opt/ros/humble/share/sensor_msgs/cmake)
[0.918s] -- Found cv_bridge: 3.2.1 (/opt/ros/humble/share/cv_bridge/cmake)
[0.926s] -- Found image_transport: 3.1.12 (/opt/ros/humble/share/image_transport/cmake)
[0.950s] -- Found visualization_msgs: 4.9.0 (/opt/ros/humble/share/visualization_msgs/cmake)
[1.068s] -- Configuring done
[1.080s] [31mCMake Error at CMakeLists.txt:25 (add_executable):
[1.081s]   Cannot find source file:
[1.081s] 
[1.081s]     include/RosExampleClass.h
[1.082s] 
[1.082s] [0m
[1.087s] [31mCMake Error at tests/CMakeLists.txt:9 (add_executable):
[1.087s]   Cannot find source file:
[1.087s] 
[1.088s]     include/RosExampleClass.h
[1.088s] Call Stack (most recent call first):
[1.088s]   tests/CMakeLists.txt:15 (make_units_test)
[1.088s] 
[1.089s] [0m
[1.091s] [31mCMake Error at CMakeLists.txt:25 (add_executable):
[1.091s]   No SOURCES given to target: prp_project
[1.091s] 
[1.092s] [0m
[1.092s] [31mCMake Error at tests/CMakeLists.txt:9 (add_executable):
[1.093s]   No SOURCES given to target: example
[1.093s] Call Stack (most recent call first):
[1.093s]   tests/CMakeLists.txt:15 (make_units_test)
[1.094s] 
[1.094s] [0m
[1.094s] [0mCMake Generate step failed.  Build files cannot be regenerated correctly.[0m
[1.115s] gmake: *** [Makefile:308: cmake_check_build_system] Error 1
[1.124s] Invoked command in '/home/student/Desktop/ros_package/build/prp_project' returned '2': CMAKE_PREFIX_PATH=${CMAKE_PREFIX_PATH}:/opt/ros/humble /usr/bin/cmake --build /home/student/Desktop/ros_package/build/prp_project -- -j4 -l4
