[0.010s] Invoking command in '/home/student/Desktop/ros_package/build/prp_project': CMAKE_PREFIX_PATH=${CMAKE_PREFIX_PATH}:/opt/ros/humble /usr/bin/cmake --build /home/student/Desktop/ros_package/build/prp_project -- -j4 -l4
[0.035s] -- Found ament_cmake: 1.3.12 (/opt/ros/humble/share/ament_cmake/cmake)
[0.404s] -- Found rclcpp: 16.0.17 (/opt/ros/humble/share/rclcpp/cmake)
[0.448s] -- Found rosidl_generator_c: 3.1.8 (/opt/ros/humble/share/rosidl_generator_c/cmake)
[0.452s] -- Found rosidl_adapter: 3.1.8 (/opt/ros/humble/share/rosidl_adapter/cmake)
[0.465s] -- Found rosidl_generator_cpp: 3.1.8 (/opt/ros/humble/share/rosidl_generator_cpp/cmake)
[0.488s] -- Using all available rosidl_typesupport_c: rosidl_typesupport_fastrtps_c;rosidl_typesupport_introspection_c
[0.518s] -- Using all available rosidl_typesupport_cpp: rosidl_typesupport_fastrtps_cpp;rosidl_typesupport_introspection_cpp
[0.598s] -- Found rmw_implementation_cmake: 6.1.2 (/opt/ros/humble/share/rmw_implementation_cmake/cmake)
[0.601s] -- Found rmw_fastrtps_cpp: 6.2.9 (/opt/ros/humble/share/rmw_fastrtps_cpp/cmake)
[0.765s] -- Using RMW implementation 'rmw_fastrtps_cpp' as default
[0.844s] -- Found sensor_msgs: 4.9.0 (/opt/ros/humble/share/sensor_msgs/cmake)
[0.885s] -- Found cv_bridge: 3.2.1 (/opt/ros/humble/share/cv_bridge/cmake)
[0.893s] -- Found image_transport: 3.1.12 (/opt/ros/humble/share/image_transport/cmake)
[0.917s] -- Found visualization_msgs: 4.9.0 (/opt/ros/humble/share/visualization_msgs/cmake)
[1.053s] -- Configuring done
[1.142s] -- Generating done
[1.172s] -- Build files have been written to: /home/student/Desktop/ros_package/build/prp_project
[1.271s] [35m[1mConsolidate compiler generated dependencies of target prp_project[0m
[1.272s] [35m[1mConsolidate compiler generated dependencies of target example[0m
[1.321s] [ 16%] [32mBuilding CXX object CMakeFiles/prp_project.dir/src/main.cpp.o[0m
[1.338s] [ 33%] [32mBuilding CXX object CMakeFiles/prp_project.dir/src/example.cpp.o[0m
[1.339s] [ 50%] [32mBuilding CXX object tests/CMakeFiles/example.dir/t_example.cpp.o[0m
[1.377s] [ 66%] [32mBuilding CXX object tests/CMakeFiles/example.dir/__/src/example.cpp.o[0m
[1.383s] [01m[K/home/student/Desktop/ros_package/src/main.cpp:2:10:[m[K [01;31m[Kfatal error: [m[KRosExampleClass.h: No such file or directory
[1.384s]     2 | #include [01;31m[K"RosExampleClass.h"[m[K
[1.385s]       |          [01;31m[K^~~~~~~~~~~~~~~~~~~[m[K
[1.385s] compilation terminated.
[1.388s] gmake[2]: *** [CMakeFiles/prp_project.dir/build.make:76: CMakeFiles/prp_project.dir/src/main.cpp.o] Error 1
[1.389s] gmake[2]: *** Waiting for unfinished jobs....
[1.751s] gmake[1]: *** [CMakeFiles/Makefile2:154: CMakeFiles/prp_project.dir/all] Error 2
[1.751s] gmake[1]: *** Waiting for unfinished jobs....
[2.561s] [ 83%] [32m[1mLinking CXX executable example[0m
[2.962s] [ 83%] Built target example
[2.963s] gmake: *** [Makefile:146: all] Error 2
[2.966s] Invoked command in '/home/student/Desktop/ros_package/build/prp_project' returned '2': CMAKE_PREFIX_PATH=${CMAKE_PREFIX_PATH}:/opt/ros/humble /usr/bin/cmake --build /home/student/Desktop/ros_package/build/prp_project -- -j4 -l4
