[0.009s] Invoking command in '/home/student/Desktop/ros_package/build/prp_project': CMAKE_PREFIX_PATH=${CMAKE_PREFIX_PATH}:/opt/ros/humble /usr/bin/cmake --build /home/student/Desktop/ros_package/build/prp_project -- -j4 -l4
[0.038s] -- Found ament_cmake: 1.3.12 (/opt/ros/humble/share/ament_cmake/cmake)
[0.446s] -- Found rclcpp: 16.0.17 (/opt/ros/humble/share/rclcpp/cmake)
[0.559s] -- Found rosidl_generator_c: 3.1.8 (/opt/ros/humble/share/rosidl_generator_c/cmake)
[0.570s] -- Found rosidl_adapter: 3.1.8 (/opt/ros/humble/share/rosidl_adapter/cmake)
[0.598s] -- Found rosidl_generator_cpp: 3.1.8 (/opt/ros/humble/share/rosidl_generator_cpp/cmake)
[0.643s] -- Using all available rosidl_typesupport_c: rosidl_typesupport_fastrtps_c;rosidl_typesupport_introspection_c
[0.682s] -- Using all available rosidl_typesupport_cpp: rosidl_typesupport_fastrtps_cpp;rosidl_typesupport_introspection_cpp
[0.724s] -- Found rmw_implementation_cmake: 6.1.2 (/opt/ros/humble/share/rmw_implementation_cmake/cmake)
[0.725s] -- Found rmw_fastrtps_cpp: 6.2.9 (/opt/ros/humble/share/rmw_fastrtps_cpp/cmake)
[0.820s] -- Using RMW implementation 'rmw_fastrtps_cpp' as default
[0.871s] -- Found sensor_msgs: 4.9.0 (/opt/ros/humble/share/sensor_msgs/cmake)
[0.900s] -- Found cv_bridge: 3.2.1 (/opt/ros/humble/share/cv_bridge/cmake)
[0.910s] -- Found image_transport: 3.1.12 (/opt/ros/humble/share/image_transport/cmake)
[0.934s] -- Found visualization_msgs: 4.9.0 (/opt/ros/humble/share/visualization_msgs/cmake)
[1.074s] -- Configuring done
[1.087s] [31mCMake Error at CMakeLists.txt:25 (add_executable):
[1.087s]   Cannot find source file:
[1.088s] 
[1.088s]     include/RosExampleClass.h
[1.088s] 
[1.088s] [0m
[1.094s] [31mCMake Error at tests/CMakeLists.txt:9 (add_executable):
[1.095s]   Cannot find source file:
[1.095s] 
[1.095s]     include/RosExampleClass.h
[1.095s] Call Stack (most recent call first):
[1.096s]   tests/CMakeLists.txt:15 (make_units_test)
[1.096s] 
[1.096s] [0m
[1.098s] [31mCMake Error at CMakeLists.txt:25 (add_executable):
[1.099s]   No SOURCES given to target: prp_project
[1.099s] 
[1.099s] [0m
[1.099s] [31mCMake Error at tests/CMakeLists.txt:9 (add_executable):
[1.100s]   No SOURCES given to target: example
[1.100s] Call Stack (most recent call first):
[1.100s]   tests/CMakeLists.txt:15 (make_units_test)
[1.100s] 
[1.101s] [0m
[1.101s] [0mCMake Generate step failed.  Build files cannot be regenerated correctly.[0m
[1.124s] gmake: *** [Makefile:308: cmake_check_build_system] Error 1
[1.135s] Invoked command in '/home/student/Desktop/ros_package/build/prp_project' returned '2': CMAKE_PREFIX_PATH=${CMAKE_PREFIX_PATH}:/opt/ros/humble /usr/bin/cmake --build /home/student/Desktop/ros_package/build/prp_project -- -j4 -l4
