[0.010s] Invoking command in '/home/student/Desktop/ros_package/build/prp_project': CMAKE_PREFIX_PATH=${CMAKE_PREFIX_PATH}:/opt/ros/humble /usr/bin/cmake --build /home/student/Desktop/ros_package/build/prp_project -- -j4 -l4
[0.036s] -- Found ament_cmake: 1.3.12 (/opt/ros/humble/share/ament_cmake/cmake)
[0.232s] -- Found rclcpp: 16.0.17 (/opt/ros/humble/share/rclcpp/cmake)
[0.323s] -- Found rosidl_generator_c: 3.1.8 (/opt/ros/humble/share/rosidl_generator_c/cmake)
[0.334s] -- Found rosidl_adapter: 3.1.8 (/opt/ros/humble/share/rosidl_adapter/cmake)
[0.362s] -- Found rosidl_generator_cpp: 3.1.8 (/opt/ros/humble/share/rosidl_generator_cpp/cmake)
[0.406s] -- Using all available rosidl_typesupport_c: rosidl_typesupport_fastrtps_c;rosidl_typesupport_introspection_c
[0.465s] -- Using all available rosidl_typesupport_cpp: rosidl_typesupport_fastrtps_cpp;rosidl_typesupport_introspection_cpp
[0.527s] -- Found rmw_implementation_cmake: 6.1.2 (/opt/ros/humble/share/rmw_implementation_cmake/cmake)
[0.528s] -- Found rmw_fastrtps_cpp: 6.2.9 (/opt/ros/humble/share/rmw_fastrtps_cpp/cmake)
[0.626s] -- Using RMW implementation 'rmw_fastrtps_cpp' as default
[0.678s] -- Found sensor_msgs: 4.9.0 (/opt/ros/humble/share/sensor_msgs/cmake)
[0.708s] -- Found cv_bridge: 3.2.1 (/opt/ros/humble/share/cv_bridge/cmake)
[0.715s] -- Found image_transport: 3.1.12 (/opt/ros/humble/share/image_transport/cmake)
[0.739s] -- Found visualization_msgs: 4.9.0 (/opt/ros/humble/share/visualization_msgs/cmake)
[0.857s] -- Configuring done
[0.864s] [31mCMake Error at CMakeLists.txt:25 (add_executable):
[0.865s]   Cannot find source file:
[0.865s] 
[0.865s]     include/RosExampleClass.h
[0.865s] 
[0.865s] [0m
[0.869s] [31mCMake Error at tests/CMakeLists.txt:9 (add_executable):
[0.869s]   Cannot find source file:
[0.869s] 
[0.870s]     include/RosExampleClass.h
[0.870s] Call Stack (most recent call first):
[0.870s]   tests/CMakeLists.txt:15 (make_units_test)
[0.870s] 
[0.870s] [0m
[0.872s] [31mCMake Error at CMakeLists.txt:25 (add_executable):
[0.873s]   No SOURCES given to target: prp_project
[0.873s] 
[0.873s] [0m
[0.873s] [31mCMake Error at tests/CMakeLists.txt:9 (add_executable):
[0.874s]   No SOURCES given to target: example
[0.874s] Call Stack (most recent call first):
[0.874s]   tests/CMakeLists.txt:15 (make_units_test)
[0.874s] 
[0.874s] [0m
[0.875s] [0mCMake Generate step failed.  Build files cannot be regenerated correctly.[0m
[0.895s] gmake: *** [Makefile:308: cmake_check_build_system] Error 1
[0.904s] Invoked command in '/home/student/Desktop/ros_package/build/prp_project' returned '2': CMAKE_PREFIX_PATH=${CMAKE_PREFIX_PATH}:/opt/ros/humble /usr/bin/cmake --build /home/student/Desktop/ros_package/build/prp_project -- -j4 -l4
