-- The C compiler identification is GNU 11.4.0
-- The CXX compiler identification is GNU 11.4.0
-- Detecting C compiler ABI info
-- Detecting C compiler ABI info - done
-- Check for working C compiler: /usr/bin/cc - skipped
-- Detecting C compile features
-- Detecting C compile features - done
-- Detecting CXX compiler ABI info
-- Detecting CXX compiler ABI info - done
-- Check for working CXX compiler: /usr/bin/c++ - skipped
-- Detecting CXX compile features
-- Detecting CXX compile features - done
-- Found ament_cmake: 1.3.12 (/opt/ros/humble/share/ament_cmake/cmake)
-- Found Python3: /usr/bin/python3 (found version "3.10.12") found components: Interpreter 
-- Found rclcpp: 16.0.17 (/opt/ros/humble/share/rclcpp/cmake)
-- Found rosidl_generator_c: 3.1.8 (/opt/ros/humble/share/rosidl_generator_c/cmake)
-- Found rosidl_adapter: 3.1.8 (/opt/ros/humble/share/rosidl_adapter/cmake)
-- Found rosidl_generator_cpp: 3.1.8 (/opt/ros/humble/share/rosidl_generator_cpp/cmake)
-- Using all available rosidl_typesupport_c: rosidl_typesupport_fastrtps_c;rosidl_typesupport_introspection_c
-- Using all available rosidl_typesupport_cpp: rosidl_typesupport_fastrtps_cpp;rosidl_typesupport_introspection_cpp
-- Found rmw_implementation_cmake: 6.1.2 (/opt/ros/humble/share/rmw_implementation_cmake/cmake)
-- Found rmw_fastrtps_cpp: 6.2.9 (/opt/ros/humble/share/rmw_fastrtps_cpp/cmake)
-- Found OpenSSL: /usr/lib/x86_64-linux-gnu/libcrypto.so (found version "3.0.2")  
-- Found FastRTPS: /opt/ros/humble/include  
-- Using RMW implementation 'rmw_fastrtps_cpp' as default
-- Looking for pthread.h
-- Looking for pthread.h - found
-- Performing Test CMAKE_HAVE_LIBC_PTHREAD
-- Performing Test CMAKE_HAVE_LIBC_PTHREAD - Success
-- Found Threads: TRUE  
-- Found sensor_msgs: 4.9.0 (/opt/ros/humble/share/sensor_msgs/cmake)
-- Found cv_bridge: 3.2.1 (/opt/ros/humble/share/cv_bridge/cmake)
-- Found image_transport: 3.1.12 (/opt/ros/humble/share/image_transport/cmake)
-- Found OpenCV: /usr (found version "4.5.4") 
-- Found visualization_msgs: 4.9.0 (/opt/ros/humble/share/visualization_msgs/cmake)
-- Found GTest: /usr/lib/x86_64-linux-gnu/cmake/GTest/GTestConfig.cmake (found version "1.11.0")  
-- Configuring done
-- Generating done
-- Build files have been written to: /home/student/Desktop/ros_package/build/prp_project
[ 16%] [32mBuilding CXX object CMakeFiles/prp_project.dir/src/main.cpp.o[0m
[ 33%] [32mBuilding CXX object CMakeFiles/prp_project.dir/src/example.cpp.o[0m
[ 50%] [32mBuilding CXX object tests/CMakeFiles/example.dir/__/src/example.cpp.o[0m
[ 66%] [32mBuilding CXX object tests/CMakeFiles/example.dir/t_example.cpp.o[0m
[ 83%] [32m[1mLinking CXX executable prp_project[0m
[ 83%] Built target prp_project
[100%] [32m[1mLinking CXX executable example[0m
[100%] Built target example
-- Install configuration: ""
-- Installing: /home/student/Desktop/ros_package/install/prp_project/lib/prp_project/prp_project
-- Set runtime path of "/home/student/Desktop/ros_package/install/prp_project/lib/prp_project/prp_project" to ""
-- Installing: /home/student/Desktop/ros_package/install/prp_project/share/ament_index/resource_index/package_run_dependencies/prp_project
-- Installing: /home/student/Desktop/ros_package/install/prp_project/share/ament_index/resource_index/parent_prefix_path/prp_project
-- Installing: /home/student/Desktop/ros_package/install/prp_project/share/prp_project/environment/ament_prefix_path.sh
-- Installing: /home/student/Desktop/ros_package/install/prp_project/share/prp_project/environment/ament_prefix_path.dsv
-- Installing: /home/student/Desktop/ros_package/install/prp_project/share/prp_project/environment/path.sh
-- Installing: /home/student/Desktop/ros_package/install/prp_project/share/prp_project/environment/path.dsv
-- Installing: /home/student/Desktop/ros_package/install/prp_project/share/prp_project/local_setup.bash
-- Installing: /home/student/Desktop/ros_package/install/prp_project/share/prp_project/local_setup.sh
-- Installing: /home/student/Desktop/ros_package/install/prp_project/share/prp_project/local_setup.zsh
-- Installing: /home/student/Desktop/ros_package/install/prp_project/share/prp_project/local_setup.dsv
-- Installing: /home/student/Desktop/ros_package/install/prp_project/share/prp_project/package.dsv
-- Installing: /home/student/Desktop/ros_package/install/prp_project/share/ament_index/resource_index/packages/prp_project
-- Installing: /home/student/Desktop/ros_package/install/prp_project/share/prp_project/cmake/prp_projectConfig.cmake
-- Installing: /home/student/Desktop/ros_package/install/prp_project/share/prp_project/cmake/prp_projectConfig-version.cmake
-- Installing: /home/student/Desktop/ros_package/install/prp_project/share/prp_project/package.xml
