[0.012s] Invoking command in '/home/student/Desktop/ros_package/build/prp_project': CMAKE_PREFIX_PATH=${CMAKE_PREFIX_PATH}:/opt/ros/humble /usr/bin/cmake --build /home/student/Desktop/ros_package/build/prp_project -- -j4 -l4
[0.039s] -- Found ament_cmake: 1.3.12 (/opt/ros/humble/share/ament_cmake/cmake)
[0.220s] -- Found rclcpp: 16.0.17 (/opt/ros/humble/share/rclcpp/cmake)
[0.281s] -- Found rosidl_generator_c: 3.1.8 (/opt/ros/humble/share/rosidl_generator_c/cmake)
[0.292s] -- Found rosidl_adapter: 3.1.8 (/opt/ros/humble/share/rosidl_adapter/cmake)
[0.320s] -- Found rosidl_generator_cpp: 3.1.8 (/opt/ros/humble/share/rosidl_generator_cpp/cmake)
[0.364s] -- Using all available rosidl_typesupport_c: rosidl_typesupport_fastrtps_c;rosidl_typesupport_introspection_c
[0.422s] -- Using all available rosidl_typesupport_cpp: rosidl_typesupport_fastrtps_cpp;rosidl_typesupport_introspection_cpp
[0.511s] -- Found rmw_implementation_cmake: 6.1.2 (/opt/ros/humble/share/rmw_implementation_cmake/cmake)
[0.513s] -- Found rmw_fastrtps_cpp: 6.2.9 (/opt/ros/humble/share/rmw_fastrtps_cpp/cmake)
[0.609s] -- Using RMW implementation 'rmw_fastrtps_cpp' as default
[0.660s] -- Found sensor_msgs: 4.9.0 (/opt/ros/humble/share/sensor_msgs/cmake)
[0.689s] -- Found cv_bridge: 3.2.1 (/opt/ros/humble/share/cv_bridge/cmake)
[0.697s] -- Found image_transport: 3.1.12 (/opt/ros/humble/share/image_transport/cmake)
[0.722s] -- Found visualization_msgs: 4.9.0 (/opt/ros/humble/share/visualization_msgs/cmake)
[0.846s] -- Configuring done
[0.866s] [31mCMake Error at tests/CMakeLists.txt:9 (add_executable):
[0.867s]   Cannot find source file:
[0.867s] 
[0.867s]     include/RosExampleClass.hpp
[0.868s] Call Stack (most recent call first):
[0.868s]   tests/CMakeLists.txt:15 (make_units_test)
[0.868s] 
[0.868s] [0m
[0.871s] [31mCMake Error at tests/CMakeLists.txt:9 (add_executable):
[0.871s]   No SOURCES given to target: example
[0.871s] Call Stack (most recent call first):
[0.871s]   tests/CMakeLists.txt:15 (make_units_test)
[0.872s] 
[0.872s] [0m
[0.872s] [0mCMake Generate step failed.  Build files cannot be regenerated correctly.[0m
[0.894s] gmake: *** [Makefile:308: cmake_check_build_system] Error 1
[0.901s] Invoked command in '/home/student/Desktop/ros_package/build/prp_project' returned '2': CMAKE_PREFIX_PATH=${CMAKE_PREFIX_PATH}:/opt/ros/humble /usr/bin/cmake --build /home/student/Desktop/ros_package/build/prp_project -- -j4 -l4
