[0.013s] Invoking command in '/home/student/Desktop/ros_package/build/prp_project': CMAKE_PREFIX_PATH=${CMAKE_PREFIX_PATH}:/opt/ros/humble /usr/bin/cmake --build /home/student/Desktop/ros_package/build/prp_project -- -j4 -l4
[0.037s] -- Found ament_cmake: 1.3.12 (/opt/ros/humble/share/ament_cmake/cmake)
[0.342s] -- Found rclcpp: 16.0.17 (/opt/ros/humble/share/rclcpp/cmake)
[0.465s] -- Found rosidl_generator_c: 3.1.8 (/opt/ros/humble/share/rosidl_generator_c/cmake)
[0.476s] -- Found rosidl_adapter: 3.1.8 (/opt/ros/humble/share/rosidl_adapter/cmake)
[0.504s] -- Found rosidl_generator_cpp: 3.1.8 (/opt/ros/humble/share/rosidl_generator_cpp/cmake)
[0.548s] -- Using all available rosidl_typesupport_c: rosidl_typesupport_fastrtps_c;rosidl_typesupport_introspection_c
[0.579s] -- Using all available rosidl_typesupport_cpp: rosidl_typesupport_fastrtps_cpp;rosidl_typesupport_introspection_cpp
[0.619s] -- Found rmw_implementation_cmake: 6.1.2 (/opt/ros/humble/share/rmw_implementation_cmake/cmake)
[0.620s] -- Found rmw_fastrtps_cpp: 6.2.9 (/opt/ros/humble/share/rmw_fastrtps_cpp/cmake)
[0.716s] -- Using RMW implementation 'rmw_fastrtps_cpp' as default
[0.766s] -- Found sensor_msgs: 4.9.0 (/opt/ros/humble/share/sensor_msgs/cmake)
[0.796s] -- Found cv_bridge: 3.2.1 (/opt/ros/humble/share/cv_bridge/cmake)
[0.804s] -- Found image_transport: 3.1.12 (/opt/ros/humble/share/image_transport/cmake)
[0.828s] -- Found visualization_msgs: 4.9.0 (/opt/ros/humble/share/visualization_msgs/cmake)
[0.966s] -- Configuring done
[0.986s] [31mCMake Error at tests/CMakeLists.txt:9 (add_executable):
[0.986s]   Cannot find source file:
[0.987s] 
[0.987s]     include/RosExampleClass.hpp
[0.987s] Call Stack (most recent call first):
[0.988s]   tests/CMakeLists.txt:15 (make_units_test)
[0.988s] 
[0.988s] [0m
[0.990s] [31mCMake Error at tests/CMakeLists.txt:9 (add_executable):
[0.991s]   No SOURCES given to target: example
[0.991s] Call Stack (most recent call first):
[0.991s]   tests/CMakeLists.txt:15 (make_units_test)
[0.991s] 
[0.992s] [0m
[0.992s] [0mCMake Generate step failed.  Build files cannot be regenerated correctly.[0m
[1.015s] gmake: *** [Makefile:308: cmake_check_build_system] Error 1
[1.023s] Invoked command in '/home/student/Desktop/ros_package/build/prp_project' returned '2': CMAKE_PREFIX_PATH=${CMAKE_PREFIX_PATH}:/opt/ros/humble /usr/bin/cmake --build /home/student/Desktop/ros_package/build/prp_project -- -j4 -l4
