[0.008s] Invoking command in '/home/student/Desktop/ros_package/build/prp_project': CMAKE_PREFIX_PATH=/opt/ros/humble /usr/bin/cmake /home/student/Desktop/ros_package -DCMAKE_INSTALL_PREFIX=/home/student/Desktop/ros_package/install/prp_project
[0.067s] -- The C compiler identification is GNU 11.4.0
[0.269s] -- The CXX compiler identification is GNU 11.4.0
[0.299s] -- Detecting C compiler ABI info
[0.568s] -- Detecting C compiler ABI info - done
[0.601s] -- Check for working C compiler: /usr/bin/cc - skipped
[0.602s] -- Detecting C compile features
[0.603s] -- Detecting C compile features - done
[0.616s] -- Detecting CXX compiler ABI info
[0.938s] -- Detecting CXX compiler ABI info - done
[0.972s] -- Check for working CXX compiler: /usr/bin/c++ - skipped
[0.973s] -- Detecting CXX compile features
[0.975s] -- Detecting CXX compile features - done
[0.984s] -- Found ament_cmake: 1.3.12 (/opt/ros/humble/share/ament_cmake/cmake)
[1.536s] -- Found Python3: /usr/bin/python3 (found version "3.10.12") found components: Interpreter 
[1.728s] -- Found rclcpp: 16.0.17 (/opt/ros/humble/share/rclcpp/cmake)
[1.892s] -- Found rosidl_generator_c: 3.1.8 (/opt/ros/humble/share/rosidl_generator_c/cmake)
[1.911s] -- Found rosidl_adapter: 3.1.8 (/opt/ros/humble/share/rosidl_adapter/cmake)
[1.942s] -- Found rosidl_generator_cpp: 3.1.8 (/opt/ros/humble/share/rosidl_generator_cpp/cmake)
[1.965s] -- Using all available rosidl_typesupport_c: rosidl_typesupport_fastrtps_c;rosidl_typesupport_introspection_c
[1.985s] -- Using all available rosidl_typesupport_cpp: rosidl_typesupport_fastrtps_cpp;rosidl_typesupport_introspection_cpp
[2.025s] -- Found rmw_implementation_cmake: 6.1.2 (/opt/ros/humble/share/rmw_implementation_cmake/cmake)
[2.027s] -- Found rmw_fastrtps_cpp: 6.2.9 (/opt/ros/humble/share/rmw_fastrtps_cpp/cmake)
[2.105s] -- Found OpenSSL: /usr/lib/x86_64-linux-gnu/libcrypto.so (found version "3.0.2")  
[2.141s] -- Found FastRTPS: /opt/ros/humble/include  
[2.204s] -- Using RMW implementation 'rmw_fastrtps_cpp' as default
[2.216s] -- Looking for pthread.h
[2.412s] -- Looking for pthread.h - found
[2.414s] -- Performing Test CMAKE_HAVE_LIBC_PTHREAD
[2.705s] -- Performing Test CMAKE_HAVE_LIBC_PTHREAD - Success
[2.710s] -- Found Threads: TRUE  
[2.919s] -- Found sensor_msgs: 4.9.0 (/opt/ros/humble/share/sensor_msgs/cmake)
[2.960s] -- Found cv_bridge: 3.2.1 (/opt/ros/humble/share/cv_bridge/cmake)
[2.970s] -- Found image_transport: 3.1.12 (/opt/ros/humble/share/image_transport/cmake)
[3.001s] -- Found OpenCV: /usr (found version "4.5.4") 
[3.003s] -- Found visualization_msgs: 4.9.0 (/opt/ros/humble/share/visualization_msgs/cmake)
[3.133s] -- Found GTest: /usr/lib/x86_64-linux-gnu/cmake/GTest/GTestConfig.cmake (found version "1.11.0")  
[3.141s] -- Configuring done
[3.225s] -- Generating done
[3.253s] -- Build files have been written to: /home/student/Desktop/ros_package/build/prp_project
[3.287s] Invoked command in '/home/student/Desktop/ros_package/build/prp_project' returned '0': CMAKE_PREFIX_PATH=/opt/ros/humble /usr/bin/cmake /home/student/Desktop/ros_package -DCMAKE_INSTALL_PREFIX=/home/student/Desktop/ros_package/install/prp_project
[3.293s] Invoking command in '/home/student/Desktop/ros_package/build/prp_project': CMAKE_PREFIX_PATH=/opt/ros/humble /usr/bin/cmake --build /home/student/Desktop/ros_package/build/prp_project -- -j4 -l4
[3.490s] [ 16%] [32mBuilding CXX object CMakeFiles/prp_project.dir/src/main.cpp.o[0m
[3.491s] [ 33%] [32mBuilding CXX object CMakeFiles/prp_project.dir/src/example.cpp.o[0m
[3.492s] [ 50%] [32mBuilding CXX object tests/CMakeFiles/example.dir/__/src/example.cpp.o[0m
[3.500s] [ 66%] [32mBuilding CXX object tests/CMakeFiles/example.dir/t_example.cpp.o[0m
[3.919s] [ 83%] [32m[1mLinking CXX executable prp_project[0m
[4.334s] [ 83%] Built target prp_project
[4.585s] [100%] [32m[1mLinking CXX executable example[0m
[4.928s] [100%] Built target example
[4.938s] Invoked command in '/home/student/Desktop/ros_package/build/prp_project' returned '0': CMAKE_PREFIX_PATH=/opt/ros/humble /usr/bin/cmake --build /home/student/Desktop/ros_package/build/prp_project -- -j4 -l4
[4.948s] Invoking command in '/home/student/Desktop/ros_package/build/prp_project': CMAKE_PREFIX_PATH=/opt/ros/humble /usr/bin/cmake --install /home/student/Desktop/ros_package/build/prp_project
[4.955s] -- Install configuration: ""
[4.955s] -- Installing: /home/student/Desktop/ros_package/install/prp_project/lib/prp_project/prp_project
[4.955s] -- Set runtime path of "/home/student/Desktop/ros_package/install/prp_project/lib/prp_project/prp_project" to ""
[4.955s] -- Installing: /home/student/Desktop/ros_package/install/prp_project/share/ament_index/resource_index/package_run_dependencies/prp_project
[4.956s] -- Installing: /home/student/Desktop/ros_package/install/prp_project/share/ament_index/resource_index/parent_prefix_path/prp_project
[4.956s] -- Installing: /home/student/Desktop/ros_package/install/prp_project/share/prp_project/environment/ament_prefix_path.sh
[4.956s] -- Installing: /home/student/Desktop/ros_package/install/prp_project/share/prp_project/environment/ament_prefix_path.dsv
[4.956s] -- Installing: /home/student/Desktop/ros_package/install/prp_project/share/prp_project/environment/path.sh
[4.956s] -- Installing: /home/student/Desktop/ros_package/install/prp_project/share/prp_project/environment/path.dsv
[4.956s] -- Installing: /home/student/Desktop/ros_package/install/prp_project/share/prp_project/local_setup.bash
[4.956s] -- Installing: /home/student/Desktop/ros_package/install/prp_project/share/prp_project/local_setup.sh
[4.956s] -- Installing: /home/student/Desktop/ros_package/install/prp_project/share/prp_project/local_setup.zsh
[4.957s] -- Installing: /home/student/Desktop/ros_package/install/prp_project/share/prp_project/local_setup.dsv
[4.957s] -- Installing: /home/student/Desktop/ros_package/install/prp_project/share/prp_project/package.dsv
[4.957s] -- Installing: /home/student/Desktop/ros_package/install/prp_project/share/ament_index/resource_index/packages/prp_project
[4.957s] -- Installing: /home/student/Desktop/ros_package/install/prp_project/share/prp_project/cmake/prp_projectConfig.cmake
[4.957s] -- Installing: /home/student/Desktop/ros_package/install/prp_project/share/prp_project/cmake/prp_projectConfig-version.cmake
[4.957s] -- Installing: /home/student/Desktop/ros_package/install/prp_project/share/prp_project/package.xml
[4.959s] Invoked command in '/home/student/Desktop/ros_package/build/prp_project' returned '0': CMAKE_PREFIX_PATH=/opt/ros/humble /usr/bin/cmake --install /home/student/Desktop/ros_package/build/prp_project
