[0.010s] Invoking command in '/home/student/Desktop/ros_package/build/prp_project': CMAKE_PREFIX_PATH=${CMAKE_PREFIX_PATH}:/opt/ros/humble /usr/bin/cmake --build /home/student/Desktop/ros_package/build/prp_project -- -j4 -l4
[0.038s] -- Found ament_cmake: 1.3.12 (/opt/ros/humble/share/ament_cmake/cmake)
[0.469s] -- Found rclcpp: 16.0.17 (/opt/ros/humble/share/rclcpp/cmake)
[0.534s] -- Found rosidl_generator_c: 3.1.8 (/opt/ros/humble/share/rosidl_generator_c/cmake)
[0.540s] -- Found rosidl_adapter: 3.1.8 (/opt/ros/humble/share/rosidl_adapter/cmake)
[0.554s] -- Found rosidl_generator_cpp: 3.1.8 (/opt/ros/humble/share/rosidl_generator_cpp/cmake)
[0.576s] -- Using all available rosidl_typesupport_c: rosidl_typesupport_fastrtps_c;rosidl_typesupport_introspection_c
[0.599s] -- Using all available rosidl_typesupport_cpp: rosidl_typesupport_fastrtps_cpp;rosidl_typesupport_introspection_cpp
[0.637s] -- Found rmw_implementation_cmake: 6.1.2 (/opt/ros/humble/share/rmw_implementation_cmake/cmake)
[0.638s] -- Found rmw_fastrtps_cpp: 6.2.9 (/opt/ros/humble/share/rmw_fastrtps_cpp/cmake)
[0.735s] -- Using RMW implementation 'rmw_fastrtps_cpp' as default
[0.786s] -- Found sensor_msgs: 4.9.0 (/opt/ros/humble/share/sensor_msgs/cmake)
[0.816s] -- Found cv_bridge: 3.2.1 (/opt/ros/humble/share/cv_bridge/cmake)
[0.824s] -- Found image_transport: 3.1.12 (/opt/ros/humble/share/image_transport/cmake)
[0.848s] -- Found visualization_msgs: 4.9.0 (/opt/ros/humble/share/visualization_msgs/cmake)
[0.989s] -- Configuring done
[1.010s] [31mCMake Error at tests/CMakeLists.txt:9 (add_executable):
[1.010s]   Cannot find source file:
[1.010s] 
[1.010s]     include/RosExampleClass.h
[1.011s] Call Stack (most recent call first):
[1.011s]   tests/CMakeLists.txt:15 (make_units_test)
[1.011s] 
[1.011s] [0m
[1.014s] [31mCMake Error at tests/CMakeLists.txt:9 (add_executable):
[1.014s]   No SOURCES given to target: example
[1.015s] Call Stack (most recent call first):
[1.016s]   tests/CMakeLists.txt:15 (make_units_test)
[1.016s] 
[1.017s] [0m
[1.017s] [0mCMake Generate step failed.  Build files cannot be regenerated correctly.[0m
[1.040s] gmake: *** [Makefile:308: cmake_check_build_system] Error 1
[1.048s] Invoked command in '/home/student/Desktop/ros_package/build/prp_project' returned '2': CMAKE_PREFIX_PATH=${CMAKE_PREFIX_PATH}:/opt/ros/humble /usr/bin/cmake --build /home/student/Desktop/ros_package/build/prp_project -- -j4 -l4
